<?xml version="1.0" encoding="UTF-8"?>
<!-- Generated by org.testng.reporters.JUnitReportReporter -->
<testsuite skipped="0" hostname="DESKTOP-TIRJGR2" name="Selenium.TestNGTest" tests="1" failures="0" timestamp="2021-04-03T00:08:34 IST" time="7.486" errors="0">
  <testcase name="CalendarPickUp" time="7.486" classname="Selenium.TestNGTest"/>
  <system-out/>
</testsuite> <!-- Selenium.TestNGTest -->
